

Напряжение: 7.41V
|int: 2||Timer:0
Temp0= 21.75
Temp1= 21.44
Temp2= 21.31
Temp3= 21.81

Напряжение: 7.42V
|int: 1||Timer:0
Temp0= 21.75
Temp1= 21.50
Temp2= 21.37
Temp3= 21.81

AT+SAPBR=3,1, "Contype","GPRS"

OK

AT+SAPBR=3,1, "APN","internet.mts.by"

OK

AT+SAPBR=1,1

OK

AT+SAPBR=2,1

+SAPBR: 1,1,"100.121.24.XXX"

OK

AT+CIPSTART="TCP","narodmon.ru","8283"

OK


CONNECT OK

AT+CIPSEND

> 
#80-01-AA-00-00-00#Citroen
#Temp0#21.75
#Temp1#21.50
#Temp2#21.im#5
#



SEND OK

OK

Напряжение: 7.38V
|int: 30||Timer:0
Temp0= 21.75
Temp1= 21.50
Temp2= 21.37
Temp3= 21.81


CLOSED

Напряжение: 7.40V
|int: 29||Timer:0
Temp0= 21.81
Temp1= 21.50
Temp2= 21.37
Temp3= 21.81

AT+SAPBR=0,1


OK

Напряжение: 7.38V
|int: 28||Timer:0
Temp0= 21.81
Temp1= 21.50
Temp2= 21.37
Temp3= 21.87

Напряжение: 7.40V
|int: 27||Timer:0
Temp0= 21.81
Temp1= 21.56
Temp2= 21.44
Temp3= 21.87

Напряжение: 7.41V
|int: 26||Timer:0
Temp0= 21.81
Temp1= 21.56
Temp2= 21.44
Temp3= 21.87

Напряжение: 7.38V
|int: 25||Timer:0
Temp0= 21.87
Temp1= 21.56
Temp2= 21.44
Temp3= 21.87

