Runing 0.50 sec. Voltage 12.30
Runing 0.50 sec. Voltage 12.31
Runing 0.55 sec. Voltage 12.27
Runing 0.61 sec. Voltage 12.30
Runing 0.66 sec. Voltage 12.31
Runing 0.71 sec. Voltage 12.33
Runing 0.76 sec. Voltage 12.33
Runing 0.81 sec. Voltage 12.31
Runing 0.87 sec. Voltage 12.31
Runing 0.92 sec. Voltage 12.31
Runing 0.97 sec. Voltage 12.33
Runing 1.02 sec. Voltage 12.31
Runing 1.07 sec. Voltage 12.28
Runing 1.13 sec. Voltage 12.36
Runing 1.18 sec. Voltage 12.18           
Runing 1.23 sec. Voltage 7.89      Момент включения стартер
Runing 1.28 sec. Voltage 9.52
Runing 1.33 sec. Voltage 9.82
Runing 1.39 sec. Voltage 10.41
Runing 1.44 sec. Voltage 10.43
Runing 1.49 sec. Voltage 9.52
Runing 1.54 sec. Voltage 9.95
Runing 1.59 sec. Voltage 10.49
Runing 1.65 sec. Voltage 9.42
Runing 1.70 sec. Voltage 10.12
Runing 1.75 sec. Voltage 10.38
Runing 1.80 sec. Voltage 9.79
Runing 1.85 sec. Voltage 10.38
Runing 1.91 sec. Voltage 9.91     Момент отключения стартер 0.68 сек
Runing 1.96 sec. Voltage 10.06
Runing 2.01 sec. Voltage 10.38
Runing 2.06 sec. Voltage 10.62
Runing 2.11 sec. Voltage 10.78
Runing 2.17 sec. Voltage 10.93
Runing 2.22 sec. Voltage 10.90
Runing 2.27 sec. Voltage 10.93
Runing 2.32 sec. Voltage 10.95
Runing 2.37 sec. Voltage 11.23
Runing 2.43 sec. Voltage 11.08
Runing 2.48 sec. Voltage 11.10
Runing 2.53 sec. Voltage 10.86
Runing 2.58 sec. Voltage 10.96
Runing 2.63 sec. Voltage 10.90
Runing 2.69 sec. Voltage 10.86
Runing 2.74 sec. Voltage 10.86
Runing 2.79 sec. Voltage 10.90
Runing 2.84 sec. Voltage 10.87
Runing 2.89 sec. Voltage 10.90
Runing 2.95 sec. Voltage 10.87
Runing 3.00 sec. Voltage 10.73
Runing 3.05 sec. Voltage 10.71
Runing 3.10 sec. Voltage 10.78
Runing 3.15 sec. Voltage 10.74
Runing 3.21 sec. Voltage 10.74
Runing 3.26 sec. Voltage 10.77
Runing 3.31 sec. Voltage 10.84
Runing 3.36 sec. Voltage 10.98
Runing 3.41 sec. Voltage 10.80
Runing 3.47 sec. Voltage 10.84
Runing 3.52 sec. Voltage 10.76
Runing 3.57 sec. Voltage 10.77
Runing 3.62 sec. Voltage 10.86
Runing 3.67 sec. Voltage 10.89
Runing 3.73 sec. Voltage 10.80
Runing 3.78 sec. Voltage 10.74
Runing 3.83 sec. Voltage 10.93
Runing 3.88 sec. Voltage 10.84
Runing 3.93 sec. Voltage 10.90
Runing 3.99 sec. Voltage 10.80
Runing 4.04 sec. Voltage 10.80
Runing 4.09 sec. Voltage 10.86
Runing 4.14 sec. Voltage 10.78
Runing 4.19 sec. Voltage 10.84
Runing 4.25 sec. Voltage 10.73
Runing 4.30 sec. Voltage 10.74
Runing 4.35 sec. Voltage 10.74
Runing 4.40 sec. Voltage 10.83
Runing 4.45 sec. Voltage 10.90
Runing 4.51 sec. Voltage 10.78
Runing 4.56 sec. Voltage 10.78
Runing 4.61 sec. Voltage 10.87
Runing 4.66 sec. Voltage 11.04
Runing 4.71 sec. Voltage 10.74
Runing 4.77 sec. Voltage 10.78
Runing 4.82 sec. Voltage 10.76
Runing 4.87 sec. Voltage 10.81
Runing 4.92 sec. Voltage 10.73
Runing 4.98 sec. Voltage 10.92
Runing 5.03 sec. Voltage 10.73
Runing 5.08 sec. Voltage 10.76
Runing 5.13 sec. Voltage 10.86
Runing 5.18 sec. Voltage 10.83
Runing 5.24 sec. Voltage 10.76
Runing 5.29 sec. Voltage 10.84
Runing 5.34 sec. Voltage 10.78
Runing 5.39 sec. Voltage 10.77
Runing 5.44 sec. Voltage 10.86
Runing 5.50 sec. Voltage 10.65
Runing 5.55 sec. Voltage 10.99
Runing 5.60 sec. Voltage 10.83
Runing 5.65 sec. Voltage 10.78
Runing 5.70 sec. Voltage 10.77
Runing 5.76 sec. Voltage 10.74
Runing 5.81 sec. Voltage 10.87
Runing 5.86 sec. Voltage 10.73
Runing 5.91 sec. Voltage 10.92
Runing 5.96 sec. Voltage 10.74
Runing 6.02 sec. Voltage 10.84
Runing 6.07 sec. Voltage 10.81
Runing 6.12 sec. Voltage 10.74
Runing 6.17 sec. Voltage 10.86
Runing 6.22 sec. Voltage 10.74
Runing 6.28 sec. Voltage 10.67
Runing 6.33 sec. Voltage 10.71
Runing 6.38 sec. Voltage 10.95
Runing 6.43 sec. Voltage 10.81
Runing 6.48 sec. Voltage 10.89
Runing 6.54 sec. Voltage 10.77
Runing 6.59 sec. Voltage 10.68
Runing 6.64 sec. Voltage 10.89
Runing 6.69 sec. Voltage 10.71
Runing 6.74 sec. Voltage 10.83
Runing 6.80 sec. Voltage 10.67   Момент отключения реле автозапуска и включение обмотки возбуждения генератора
Runing 6.85 sec. Voltage 11.14
Runing 6.90 sec. Voltage 11.30
Runing 6.95 sec. Voltage 11.17
Runing 7.00 sec. Voltage 11.32
Runing 7.06 sec. Voltage 11.38
Runing 7.11 sec. Voltage 11.36
Runing 7.16 sec. Voltage 11.41
Runing 7.21 sec. Voltage 11.36
Runing 7.27 sec. Voltage 11.38
Runing 7.32 sec. Voltage 11.38
Runing 7.37 sec. Voltage 11.39
Runing 7.42 sec. Voltage 11.10
Runing 7.47 sec. Voltage 11.38
Runing 7.53 sec. Voltage 11.41
Runing 7.58 sec. Voltage 11.41
Runing 7.63 sec. Voltage 11.45
Runing 7.68 sec. Voltage 11.47
Runing 7.73 sec. Voltage 11.50
Runing 7.79 sec. Voltage 11.44
Runing 7.84 sec. Voltage 11.53
Runing 7.89 sec. Voltage 11.57
Runing 7.94 sec. Voltage 11.59
Runing 7.99 sec. Voltage 11.65
Runing 8.05 sec. Voltage 11.66
Runing 8.10 sec. Voltage 11.72
Runing 8.15 sec. Voltage 11.75
Runing 8.20 sec. Voltage 11.72
Runing 8.25 sec. Voltage 11.85
Runing 8.31 sec. Voltage 11.81
Runing 8.36 sec. Voltage 11.93
Runing 8.41 sec. Voltage 11.94
Runing 8.46 sec. Voltage 12.06
Runing 8.51 sec. Voltage 12.06
Runing 8.57 sec. Voltage 12.03
Runing 8.62 sec. Voltage 12.19
Runing 8.67 sec. Voltage 12.15
Runing 8.72 sec. Voltage 12.34
Runing 8.77 sec. Voltage 12.24
Runing 8.83 sec. Voltage 12.37
Runing 8.88 sec. Voltage 12.37
Runing 8.93 sec. Voltage 12.34
Runing 8.98 sec. Voltage 12.62
Runing 9.03 sec. Voltage 12.65
Runing 9.09 sec. Voltage 12.73
Runing 9.14 sec. Voltage 12.88
Runing 9.19 sec. Voltage 12.80
Runing 9.24 sec. Voltage 13.11
Runing 9.29 sec. Voltage 13.08
Runing 9.35 sec. Voltage 13.19
Runing 9.40 sec. Voltage 13.48
Runing 9.45 sec. Voltage 13.50       // порок 13.5 вольт спустя 3 сек после выключения реле стартера 
Runing 9.50 sec. Voltage 13.90
Runing 9.56 sec. Voltage 13.84
Runing 9.61 sec. Voltage 14.02      
Runing 9.66 sec. Voltage 14.32
Runing 9.71 sec. Voltage 14.03
Runing 9.76 sec. Voltage 14.36
Runing 9.82 sec. Voltage 14.18
Runing 9.87 sec. Voltage 14.43
Runing 9.92 sec. Voltage 14.24
Runing 9.97 sec. Voltage 14.36
Runing 10.02 sec. Voltage 14.27
Runing 10.08 sec. Voltage 14.14
Runing 10.13 sec. Voltage 14.39
Runing 10.18 sec. Voltage 14.20
Runing 10.23 sec. Voltage 14.39
Runing 10.28 sec. Voltage 14.17
Runing 10.34 sec. Voltage 14.36
Runing 10.39 sec. Voltage 14.33
Runing 10.44 sec. Voltage 14.27
Runing 10.49 sec. Voltage 14.33
Runing 10.55 sec. Voltage 14.12
Runing 10.60 sec. Voltage 14.37
Runing 10.65 sec. Voltage 14.26
Runing 10.70 sec. Voltage 14.43
Runing 10.75 sec. Voltage 14.20
Runing 10.81 sec. Voltage 14.52
Runing 10.86 sec. Voltage 14.23
Runing 10.91 sec. Voltage 14.43
Runing 10.96 sec. Voltage 14.30
Runing 11.01 sec. Voltage 14.30
Runing 11.06 sec. Voltage 14.27
Runing 11.12 sec. Voltage 14.23
Runing 11.17 sec. Voltage 14.32
Runing 11.22 sec. Voltage 14.21
Runing 11.27 sec. Voltage 14.36
Runing 11.33 sec. Voltage 14.18
Runing 11.38 sec. Voltage 14.46
Runing 11.43 sec. Voltage 14.12
Runing 11.48 sec. Voltage 14.51
Runing 11.53 sec. Voltage 14.29
Runing 11.59 sec. Voltage 14.36
Runing 11.64 sec. Voltage 14.21
Runing 11.69 sec. Voltage 14.27
Runing 11.74 sec. Voltage 14.42
Runing 11.80 sec. Voltage 14.17
Runing 11.85 sec. Voltage 14.42
Runing 11.90 sec. Voltage 14.14
Runing 11.95 sec. Voltage 14.45
